c:\users\zhaoj\learning\projects\virtual liver\code\cellsys7\project\liver\testnetwork\source\x64\release\agent.obj
c:\users\zhaoj\learning\projects\virtual liver\code\cellsys7\project\liver\testnetwork\source\x64\release\csdatareader.obj
c:\users\zhaoj\learning\projects\virtual liver\code\cellsys7\project\liver\testnetwork\source\x64\release\csglarena.obj
c:\users\zhaoj\learning\projects\virtual liver\code\cellsys7\project\liver\testnetwork\source\x64\release\cshdf5reader.obj
c:\users\zhaoj\learning\projects\virtual liver\code\cellsys7\project\liver\testnetwork\source\x64\release\csparameterchoice.obj
c:\users\zhaoj\learning\projects\virtual liver\code\cellsys7\project\liver\testnetwork\source\x64\release\csparametercontexttemporary.obj
c:\users\zhaoj\learning\projects\virtual liver\code\cellsys7\project\liver\testnetwork\source\x64\release\csspacediscretization.obj
c:\users\zhaoj\learning\projects\virtual liver\code\cellsys7\project\liver\testnetwork\source\x64\release\csxmlwriter.obj
c:\users\zhaoj\learning\projects\virtual liver\code\cellsys7\project\liver\testnetwork\source\x64\release\datavertex.obj
c:\users\zhaoj\learning\projects\virtual liver\code\cellsys7\project\liver\testnetwork\source\x64\release\function.obj
c:\users\zhaoj\learning\projects\virtual liver\code\cellsys7\project\liver\testnetwork\source\x64\release\linearfunction.obj
c:\users\zhaoj\learning\projects\virtual liver\code\cellsys7\project\liver\testnetwork\source\x64\release\modelelement.obj
c:\users\zhaoj\learning\projects\virtual liver\code\cellsys7\project\liver\testnetwork\source\x64\release\modelelementecmsphere.obj
c:\users\zhaoj\learning\projects\virtual liver\code\cellsys7\project\liver\testnetwork\source\x64\release\modelvascularization.obj
c:\users\zhaoj\learning\projects\virtual liver\code\cellsys7\project\liver\testnetwork\source\x64\release\povray.obj
c:\users\zhaoj\learning\projects\virtual liver\code\cellsys7\project\liver\testnetwork\source\x64\release\triangulatedcell.obj
c:\users\zhaoj\learning\projects\virtual liver\code\cellsys7\project\liver\testnetwork\source\x64\release\vesselgraph.obj
c:\users\zhaoj\learning\projects\virtual liver\code\cellsys7\project\liver\testnetwork\source\x64\release\sort.obj
c:\users\zhaoj\learning\projects\virtual liver\code\cellsys7\project\liver\testnetwork\source\x64\release\tinyxml.obj
c:\users\zhaoj\learning\projects\virtual liver\code\cellsys7\project\liver\testnetwork\source\x64\release\tinyxmlparser.obj
c:\users\zhaoj\learning\projects\virtual liver\code\cellsys7\project\liver\testnetwork\source\x64\release\biologylink.obj
c:\users\zhaoj\learning\projects\virtual liver\code\cellsys7\project\liver\testnetwork\source\x64\release\csdatawriter.obj
c:\users\zhaoj\learning\projects\virtual liver\code\cellsys7\project\liver\testnetwork\source\x64\release\csglobject.obj
c:\users\zhaoj\learning\projects\virtual liver\code\cellsys7\project\liver\testnetwork\source\x64\release\csgltriangle.obj
c:\users\zhaoj\learning\projects\virtual liver\code\cellsys7\project\liver\testnetwork\source\x64\release\core.obj
c:\users\zhaoj\learning\projects\virtual liver\code\cellsys7\project\liver\testnetwork\source\x64\release\graph.obj
c:\users\zhaoj\learning\projects\virtual liver\code\cellsys7\project\liver\testnetwork\source\x64\release\mathematix.obj
c:\users\zhaoj\learning\projects\virtual liver\code\cellsys7\project\liver\testnetwork\source\x64\release\modelelementbarriertriangle.obj
c:\users\zhaoj\learning\projects\virtual liver\code\cellsys7\project\liver\testnetwork\source\x64\release\modelelementtriangulated.obj
c:\users\zhaoj\learning\projects\virtual liver\code\cellsys7\project\liver\testnetwork\source\x64\release\outputtext.obj
c:\users\zhaoj\learning\projects\virtual liver\code\cellsys7\project\liver\testnetwork\source\x64\release\process.obj
c:\users\zhaoj\learning\projects\virtual liver\code\cellsys7\project\liver\testnetwork\source\x64\release\qcsparameterdelegate.obj
c:\users\zhaoj\learning\projects\virtual liver\code\cellsys7\project\liver\testnetwork\source\x64\release\mathematics.obj
c:\users\zhaoj\learning\projects\virtual liver\code\cellsys7\project\liver\testnetwork\source\x64\release\tinystr.obj
c:\users\zhaoj\learning\projects\virtual liver\code\cellsys7\project\liver\testnetwork\source\x64\release\tinyxmlerror.obj
c:\users\zhaoj\learning\projects\virtual liver\code\cellsys7\project\liver\testnetwork\source\x64\release\moc_qcsparameterdelegate.obj
c:\users\zhaoj\learning\projects\virtual liver\code\cellsys7\project\liver\testnetwork\source\x64\release\boundingboxlist.obj
c:\users\zhaoj\learning\projects\virtual liver\code\cellsys7\project\liver\testnetwork\source\x64\release\csglbar.obj
c:\users\zhaoj\learning\projects\virtual liver\code\cellsys7\project\liver\testnetwork\source\x64\release\csglsphere.obj
c:\users\zhaoj\learning\projects\virtual liver\code\cellsys7\project\liver\testnetwork\source\x64\release\cshdf5writer.obj
c:\users\zhaoj\learning\projects\virtual liver\code\cellsys7\project\liver\testnetwork\source\x64\release\csparameter.obj
c:\users\zhaoj\learning\projects\virtual liver\code\cellsys7\project\liver\testnetwork\source\x64\release\csparametertemporary.obj
c:\users\zhaoj\learning\projects\virtual liver\code\cellsys7\project\liver\testnetwork\source\x64\release\csxmlreader.obj
c:\users\zhaoj\learning\projects\virtual liver\code\cellsys7\project\liver\testnetwork\source\x64\release\colortools.obj
c:\users\zhaoj\learning\projects\virtual liver\code\cellsys7\project\liver\testnetwork\source\x64\release\eps.obj
c:\users\zhaoj\learning\projects\virtual liver\code\cellsys7\project\liver\testnetwork\source\x64\release\finiteelements.obj
c:\users\zhaoj\learning\projects\virtual liver\code\cellsys7\project\liver\testnetwork\source\x64\release\latticespring.obj
c:\users\zhaoj\learning\projects\virtual liver\code\cellsys7\project\liver\testnetwork\source\x64\release\model3d.obj
c:\users\zhaoj\learning\projects\virtual liver\code\cellsys7\project\liver\testnetwork\source\x64\release\modelelementsphere.obj
c:\users\zhaoj\learning\projects\virtual liver\code\cellsys7\project\liver\testnetwork\source\x64\release\modelelement_vesselgraph.obj
c:\users\zhaoj\learning\projects\virtual liver\code\cellsys7\project\liver\testnetwork\source\x64\release\nonlinearstiffeningfunction.obj
c:\users\zhaoj\learning\projects\virtual liver\code\cellsys7\project\liver\testnetwork\source\x64\release\rulebasedagent.obj
c:\users\zhaoj\learning\projects\virtual liver\code\cellsys7\project\liver\testnetwork\source\x64\release\simulationobject.obj
c:\users\zhaoj\learning\projects\virtual liver\code\cellsys7\project\liver\testnetwork\source\x64\release\triangulation.obj
c:\users\zhaoj\learning\projects\virtual liver\code\cellsys7\project\liver\testnetwork\source\x64\release\utils.obj
c:\users\zhaoj\learning\projects\virtual liver\code\cellsys7\project\liver\testnetwork\source\x64\release\delaunay.obj
c:\users\zhaoj\learning\projects\virtual liver\code\cellsys7\project\liver\testnetwork\source\x64\release\csglvascularization.obj
c:\users\zhaoj\learning\projects\virtual liver\code\cellsys7\project\liver\testnetwork\source\x64\release\csparametercontext.obj
c:\users\zhaoj\learning\projects\virtual liver\code\cellsys7\project\liver\testnetwork\source\x64\release\csvesselgraph.obj
c:\users\zhaoj\learning\projects\virtual liver\code\cellsys7\project\liver\testnetwork\source\x64\release\cell.obj
c:\users\zhaoj\learning\projects\virtual liver\code\cellsys7\project\liver\testnetwork\source\x64\release\cellpopulation.obj
c:\users\zhaoj\learning\projects\virtual liver\code\cellsys7\project\liver\testnetwork\source\x64\release\celltriangulated.obj
c:\users\zhaoj\learning\projects\virtual liver\code\cellsys7\project\liver\testnetwork\source\x64\release\filenameparser.obj
c:\users\zhaoj\learning\projects\virtual liver\code\cellsys7\project\liver\testnetwork\source\x64\release\graphsphere.obj
c:\users\zhaoj\learning\projects\virtual liver\code\cellsys7\project\liver\testnetwork\source\x64\release\masspoint.obj
c:\users\zhaoj\learning\projects\virtual liver\code\cellsys7\project\liver\testnetwork\source\x64\release\modelelementhollowsphere.obj
c:\users\zhaoj\learning\projects\virtual liver\code\cellsys7\project\liver\testnetwork\source\x64\release\modelelementvesselsphere.obj
c:\users\zhaoj\learning\projects\virtual liver\code\cellsys7\project\liver\testnetwork\source\x64\release\model_vascularization_no.obj
c:\users\zhaoj\learning\projects\virtual liver\code\cellsys7\project\liver\testnetwork\source\x64\release\random.obj
c:\users\zhaoj\learning\projects\virtual liver\code\cellsys7\project\liver\testnetwork\source\x64\release\spring.obj
c:\users\zhaoj\learning\projects\virtual liver\code\cellsys7\project\liver\testnetwork\source\x64\release\tools.obj
c:\users\zhaoj\learning\projects\virtual liver\code\cellsys7\project\liver\testnetwork\source\x64\release\tumor.obj
c:\users\zhaoj\learning\projects\virtual liver\code\cellsys7\project\liver\testnetwork\source\x64\release\vector.obj
c:\users\zhaoj\learning\projects\virtual liver\code\cellsys7\project\liver\testnetwork\source\x64\release\modelelementlatticenode.obj
c:\users\zhaoj\learning\projects\virtual liver\code\cellsys7\project\liver\testnetwork\source\x64\release\cellsphericalode.obj
c:\users\zhaoj\learning\projects\virtual liver\code\cellsys7\project\liver\testnetwork\source\x64\release\csinteractionfrictionmatrix.obj
c:\users\zhaoj\learning\projects\virtual liver\code\cellsys7\project\liver\testnetwork\source\x64\release\modelelementfibre.obj
c:\users\zhaoj\learning\projects\virtual liver\code\cellsys7\project\liver\testnetwork\source\x64\release\csmodel.obj
c:\users\zhaoj\learning\projects\virtual liver\code\cellsys7\project\liver\testnetwork\source\x64\release\observation.obj
c:\users\zhaoj\learning\projects\virtual liver\code\cellsys7\project\liver\testnetwork\source\x64\release\discvor.obj
c:\users\zhaoj\learning\projects\virtual liver\code\cellsys7\project\liver\testnetwork\source\x64\release\csinteractionjkr.obj
c:\users\zhaoj\learning\projects\virtual liver\code\cellsys7\project\liver\testnetwork\source\x64\release\modellattice.obj
c:\users\zhaoj\learning\projects\virtual liver\code\cellsys7\project\liver\testnetwork\source\x64\release\modelcellsspherical.obj
c:\users\zhaoj\learning\projects\virtual liver\code\cellsys7\project\liver\testnetwork\source\x64\release\cellsphericalpolar.obj
c:\users\zhaoj\learning\projects\virtual liver\code\cellsys7\project\liver\testnetwork\source\x64\release\csinteractionhertz.obj
c:\users\zhaoj\learning\projects\virtual liver\code\cellsys7\project\liver\testnetwork\source\x64\release\modelcellssphericalode.obj
c:\users\zhaoj\learning\projects\virtual liver\code\cellsys7\project\liver\testnetwork\source\x64\release\csvtpwriter.obj
c:\users\zhaoj\learning\projects\virtual liver\code\cellsys7\project\liver\testnetwork\source\x64\release\cellspherical.obj
c:\users\zhaoj\learning\projects\virtual liver\code\cellsys7\project\liver\testnetwork\source\x64\release\linearspring.obj
c:\users\zhaoj\learning\projects\virtual liver\code\cellsys7\project\liver\testnetwork\source\x64\release\rotationalspring.obj
c:\users\zhaoj\learning\projects\virtual liver\code\cellsys7\project\liver\testnetwork\source\x64\release\lobulelesionvoxelization.obj
c:\users\zhaoj\learning\projects\virtual liver\code\cellsys7\project\liver\testnetwork\source\x64\release\csbatchjob.obj
c:\users\zhaoj\learning\projects\virtual liver\code\cellsys7\project\liver\testnetwork\source\generatedfiles\release\moc_qcsparameterdelegate.cpp
c:\users\zhaoj\learning\projects\virtual liver\code\cellsys7\project\liver\testnetwork\source\release\moc_predefs.h
c:\users\zhaoj\learning\projects\virtual liver\code\cellsys7\project\liver\testnetwork\lib\cscore.lib
c:\users\zhaoj\learning\projects\virtual liver\code\cellsys7\project\liver\testnetwork\source\..\lib\cscore.lib
c:\users\zhaoj\learning\projects\virtual liver\code\cellsys7\project\liver\testnetwork\source\x64\release\cscore.tlog\cl.command.1.tlog
c:\users\zhaoj\learning\projects\virtual liver\code\cellsys7\project\liver\testnetwork\source\x64\release\cscore.tlog\cl.read.1.tlog
c:\users\zhaoj\learning\projects\virtual liver\code\cellsys7\project\liver\testnetwork\source\x64\release\cscore.tlog\cl.write.1.tlog
c:\users\zhaoj\learning\projects\virtual liver\code\cellsys7\project\liver\testnetwork\source\x64\release\cscore.tlog\cscore.write.1u.tlog
c:\users\zhaoj\learning\projects\virtual liver\code\cellsys7\project\liver\testnetwork\source\x64\release\cscore.tlog\custombuild.command.1.tlog
c:\users\zhaoj\learning\projects\virtual liver\code\cellsys7\project\liver\testnetwork\source\x64\release\cscore.tlog\custombuild.read.1.tlog
c:\users\zhaoj\learning\projects\virtual liver\code\cellsys7\project\liver\testnetwork\source\x64\release\cscore.tlog\custombuild.write.1.tlog
c:\users\zhaoj\learning\projects\virtual liver\code\cellsys7\project\liver\testnetwork\source\x64\release\cscore.tlog\lib-link.read.1.tlog
c:\users\zhaoj\learning\projects\virtual liver\code\cellsys7\project\liver\testnetwork\source\x64\release\cscore.tlog\lib-link.write.1.tlog
c:\users\zhaoj\learning\projects\virtual liver\code\cellsys7\project\liver\testnetwork\source\x64\release\cscore.tlog\lib.command.1.tlog
