c:\users\zhaoj\learning\projects\virtual liver\code\cellsys7\project\liver\testnetwork\source\x64\release\about.obj
c:\users\zhaoj\learning\projects\virtual liver\code\cellsys7\project\liver\testnetwork\source\x64\release\csglvascularization.obj
c:\users\zhaoj\learning\projects\virtual liver\code\cellsys7\project\liver\testnetwork\source\x64\release\qcsparameterdelegate.obj
c:\users\zhaoj\learning\projects\virtual liver\code\cellsys7\project\liver\testnetwork\source\x64\release\vascularization.obj
c:\users\zhaoj\learning\projects\virtual liver\code\cellsys7\project\liver\testnetwork\source\x64\release\moc_qcs3dtabwidget.obj
c:\users\zhaoj\learning\projects\virtual liver\code\cellsys7\project\liver\testnetwork\source\x64\release\moc_qcsparameterdelegate.obj
c:\users\zhaoj\learning\projects\virtual liver\code\cellsys7\project\liver\testnetwork\source\x64\release\moc_etcuidemo.obj
c:\users\zhaoj\learning\projects\virtual liver\code\cellsys7\project\liver\testnetwork\source\x64\release\csglcube.obj
c:\users\zhaoj\learning\projects\virtual liver\code\cellsys7\project\liver\testnetwork\source\x64\release\csglsphere.obj
c:\users\zhaoj\learning\projects\virtual liver\code\cellsys7\project\liver\testnetwork\source\x64\release\pixel.obj
c:\users\zhaoj\learning\projects\virtual liver\code\cellsys7\project\liver\testnetwork\source\x64\release\qcsgldisplay.obj
c:\users\zhaoj\learning\projects\virtual liver\code\cellsys7\project\liver\testnetwork\source\x64\release\qcsparameterfilenameeditor.obj
c:\users\zhaoj\learning\projects\virtual liver\code\cellsys7\project\liver\testnetwork\source\x64\release\qcssimulationthread.obj
c:\users\zhaoj\learning\projects\virtual liver\code\cellsys7\project\liver\testnetwork\source\x64\release\triangulatedcell.obj
c:\users\zhaoj\learning\projects\virtual liver\code\cellsys7\project\liver\testnetwork\source\x64\release\tabcomplexcells.obj
c:\users\zhaoj\learning\projects\virtual liver\code\cellsys7\project\liver\testnetwork\source\x64\release\moc_qcsmainwindow.obj
c:\users\zhaoj\learning\projects\virtual liver\code\cellsys7\project\liver\testnetwork\source\x64\release\moc_qcssimulationthread.obj
c:\users\zhaoj\learning\projects\virtual liver\code\cellsys7\project\liver\testnetwork\source\x64\release\moc_tabcomplexcells.obj
c:\users\zhaoj\learning\projects\virtual liver\code\cellsys7\project\liver\testnetwork\source\x64\release\csglarena.obj
c:\users\zhaoj\learning\projects\virtual liver\code\cellsys7\project\liver\testnetwork\source\x64\release\qcsmainwindow.obj
c:\users\zhaoj\learning\projects\virtual liver\code\cellsys7\project\liver\testnetwork\source\x64\release\etcuidemo.obj
c:\users\zhaoj\learning\projects\virtual liver\code\cellsys7\project\liver\testnetwork\source\x64\release\moc_about.obj
c:\users\zhaoj\learning\projects\virtual liver\code\cellsys7\project\liver\testnetwork\source\x64\release\moc_qcsgldisplay.obj
c:\users\zhaoj\learning\projects\virtual liver\code\cellsys7\project\liver\testnetwork\source\x64\release\moc_qcsparameterfilenameeditor.obj
c:\users\zhaoj\learning\projects\virtual liver\code\cellsys7\project\liver\testnetwork\source\x64\release\moc_vascularization.obj
c:\users\zhaoj\learning\projects\virtual liver\code\cellsys7\project\liver\testnetwork\source\x64\release\csglbar.obj
c:\users\zhaoj\learning\projects\virtual liver\code\cellsys7\project\liver\testnetwork\source\x64\release\csglobject.obj
c:\users\zhaoj\learning\projects\virtual liver\code\cellsys7\project\liver\testnetwork\source\x64\release\circle.obj
c:\users\zhaoj\learning\projects\virtual liver\code\cellsys7\project\liver\testnetwork\source\x64\release\qcscentralwidget.obj
c:\users\zhaoj\learning\projects\virtual liver\code\cellsys7\project\liver\testnetwork\source\x64\release\qcsparametermodel.obj
c:\users\zhaoj\learning\projects\virtual liver\code\cellsys7\project\liver\testnetwork\source\x64\release\square.obj
c:\users\zhaoj\learning\projects\virtual liver\code\cellsys7\project\liver\testnetwork\source\x64\release\moc_odestab.obj
c:\users\zhaoj\learning\projects\virtual liver\code\cellsys7\project\liver\testnetwork\source\x64\release\moc_qcsparametermodel.obj
c:\users\zhaoj\learning\projects\virtual liver\code\cellsys7\project\liver\testnetwork\source\x64\release\moc_monolayer.obj
c:\users\zhaoj\learning\projects\virtual liver\code\cellsys7\project\liver\testnetwork\source\x64\release\qcs3dtabwidget.obj
c:\users\zhaoj\learning\projects\virtual liver\code\cellsys7\project\liver\testnetwork\source\x64\release\monolayer.obj
c:\users\zhaoj\learning\projects\virtual liver\code\cellsys7\project\liver\testnetwork\source\x64\release\odestab.obj
c:\users\zhaoj\learning\projects\virtual liver\code\cellsys7\project\liver\testnetwork\source\generatedfiles\release\moc_about.cpp
c:\users\zhaoj\learning\projects\virtual liver\code\cellsys7\project\liver\testnetwork\source\generatedfiles\release\moc_odestab.cpp
c:\users\zhaoj\learning\projects\virtual liver\code\cellsys7\project\liver\testnetwork\source\generatedfiles\release\moc_qcs3dtabwidget.cpp
c:\users\zhaoj\learning\projects\virtual liver\code\cellsys7\project\liver\testnetwork\source\generatedfiles\release\moc_qcsgldisplay.cpp
c:\users\zhaoj\learning\projects\virtual liver\code\cellsys7\project\liver\testnetwork\source\generatedfiles\release\moc_qcsmainwindow.cpp
c:\users\zhaoj\learning\projects\virtual liver\code\cellsys7\project\liver\testnetwork\source\generatedfiles\release\moc_qcsparameterdelegate.cpp
c:\users\zhaoj\learning\projects\virtual liver\code\cellsys7\project\liver\testnetwork\source\generatedfiles\release\moc_qcsparameterfilenameeditor.cpp
c:\users\zhaoj\learning\projects\virtual liver\code\cellsys7\project\liver\testnetwork\source\generatedfiles\release\moc_qcsparametermodel.cpp
c:\users\zhaoj\learning\projects\virtual liver\code\cellsys7\project\liver\testnetwork\source\generatedfiles\release\moc_qcssimulationthread.cpp
c:\users\zhaoj\learning\projects\virtual liver\code\cellsys7\project\liver\testnetwork\source\generatedfiles\release\moc_vascularization.cpp
c:\users\zhaoj\learning\projects\virtual liver\code\cellsys7\project\liver\testnetwork\source\generatedfiles\release\moc_etcuidemo.cpp
c:\users\zhaoj\learning\projects\virtual liver\code\cellsys7\project\liver\testnetwork\source\generatedfiles\release\moc_monolayer.cpp
c:\users\zhaoj\learning\projects\virtual liver\code\cellsys7\project\liver\testnetwork\source\generatedfiles\release\moc_tabcomplexcells.cpp
c:\users\zhaoj\learning\projects\virtual liver\code\cellsys7\project\liver\testnetwork\source\generatedfiles\ui_about.h
c:\users\zhaoj\learning\projects\virtual liver\code\cellsys7\project\liver\testnetwork\source\generatedfiles\ui_odestab.h
c:\users\zhaoj\learning\projects\virtual liver\code\cellsys7\project\liver\testnetwork\source\generatedfiles\ui_qcs3dtabwidget.h
c:\users\zhaoj\learning\projects\virtual liver\code\cellsys7\project\liver\testnetwork\source\generatedfiles\ui_vascularization.h
c:\users\zhaoj\learning\projects\virtual liver\code\cellsys7\project\liver\testnetwork\source\generatedfiles\ui_etcuidemo.h
c:\users\zhaoj\learning\projects\virtual liver\code\cellsys7\project\liver\testnetwork\source\generatedfiles\ui_monolayer.h
c:\users\zhaoj\learning\projects\virtual liver\code\cellsys7\project\liver\testnetwork\source\generatedfiles\ui_tabcomplexcells.h
c:\users\zhaoj\learning\projects\virtual liver\code\cellsys7\project\liver\testnetwork\source\release\moc_predefs.h
c:\users\zhaoj\learning\projects\virtual liver\code\cellsys7\project\liver\testnetwork\lib\csgui.lib
c:\users\zhaoj\learning\projects\virtual liver\code\cellsys7\project\liver\testnetwork\source\..\lib\csgui.lib
c:\users\zhaoj\learning\projects\virtual liver\code\cellsys7\project\liver\testnetwork\source\x64\release\csgui.tlog\cl.command.1.tlog
c:\users\zhaoj\learning\projects\virtual liver\code\cellsys7\project\liver\testnetwork\source\x64\release\csgui.tlog\cl.read.1.tlog
c:\users\zhaoj\learning\projects\virtual liver\code\cellsys7\project\liver\testnetwork\source\x64\release\csgui.tlog\cl.write.1.tlog
c:\users\zhaoj\learning\projects\virtual liver\code\cellsys7\project\liver\testnetwork\source\x64\release\csgui.tlog\csgui.write.1u.tlog
c:\users\zhaoj\learning\projects\virtual liver\code\cellsys7\project\liver\testnetwork\source\x64\release\csgui.tlog\custombuild.command.1.tlog
c:\users\zhaoj\learning\projects\virtual liver\code\cellsys7\project\liver\testnetwork\source\x64\release\csgui.tlog\custombuild.read.1.tlog
c:\users\zhaoj\learning\projects\virtual liver\code\cellsys7\project\liver\testnetwork\source\x64\release\csgui.tlog\custombuild.write.1.tlog
c:\users\zhaoj\learning\projects\virtual liver\code\cellsys7\project\liver\testnetwork\source\x64\release\csgui.tlog\lib-link.read.1.tlog
c:\users\zhaoj\learning\projects\virtual liver\code\cellsys7\project\liver\testnetwork\source\x64\release\csgui.tlog\lib-link.write.1.tlog
c:\users\zhaoj\learning\projects\virtual liver\code\cellsys7\project\liver\testnetwork\source\x64\release\csgui.tlog\lib.command.1.tlog
